[debug] [2023-12-08T00:04:54.473Z] ----------------------------------------------------------------------
[debug] [2023-12-08T00:04:54.475Z] Command:       C:\Program Files\nodejs\node.exe C:\Users\Lenovo\AppData\Roaming\npm\node_modules\firebase-tools\lib\bin\firebase.js login
[debug] [2023-12-08T00:04:54.475Z] CLI Version:   13.0.1
[debug] [2023-12-08T00:04:54.475Z] Platform:      win32
[debug] [2023-12-08T00:04:54.476Z] Node Version:  v18.16.1
[debug] [2023-12-08T00:04:54.476Z] Time:          Fri Dec 08 2023 07:04:54 GMT+0700 (Indochina Time)
[debug] [2023-12-08T00:04:54.476Z] ----------------------------------------------------------------------
[debug] 
[debug] [2023-12-08T00:04:54.479Z] >>> [apiv2][query] GET https://firebase-public.firebaseio.com/cli.json [none]
[info] Already logged in as xuanphuc090207@gmail.com
[debug] [2023-12-08T00:04:58.591Z] <<< [apiv2][status] GET https://firebase-public.firebaseio.com/cli.json 200
[debug] [2023-12-08T00:04:58.592Z] <<< [apiv2][body] GET https://firebase-public.firebaseio.com/cli.json {"cloudBuildErrorAfter":1594252800000,"cloudBuildWarnAfter":1590019200000,"defaultNode10After":1594252800000,"minVersion":"3.0.5","node8DeploysDisabledAfter":1613390400000,"node8RuntimeDisabledAfter":1615809600000,"node8WarnAfter":1600128000000}
[debug] [2023-12-08T00:05:03.252Z] Error: Timed out.
    at Timeout.<anonymous> (C:\Users\Lenovo\AppData\Roaming\npm\node_modules\firebase-tools\lib\utils.js:258:49)
    at listOnTimeout (node:internal/timers:569:17)
    at process.processTimers (node:internal/timers:512:7)
[error] 
[error] Error: An unexpected error has occurred.
[debug] [2023-12-08T00:18:12.049Z] ----------------------------------------------------------------------
[debug] [2023-12-08T00:18:12.052Z] Command:       C:\Program Files\nodejs\node.exe C:\Users\Lenovo\AppData\Roaming\npm\node_modules\firebase-tools\lib\bin\firebase.js login
[debug] [2023-12-08T00:18:12.053Z] CLI Version:   13.0.1
[debug] [2023-12-08T00:18:12.053Z] Platform:      win32
[debug] [2023-12-08T00:18:12.053Z] Node Version:  v18.16.1
[debug] [2023-12-08T00:18:12.054Z] Time:          Fri Dec 08 2023 07:18:12 GMT+0700 (Indochina Time)
[debug] [2023-12-08T00:18:12.054Z] ----------------------------------------------------------------------
[debug] 
[info] Already logged in as xuanphuc090207@gmail.com
[debug] [2023-12-08T00:18:22.127Z] Error: Timed out.
    at Timeout._onTimeout (C:\Users\Lenovo\AppData\Roaming\npm\node_modules\firebase-tools\lib\utils.js:258:49)
    at listOnTimeout (node:internal/timers:569:17)
    at process.processTimers (node:internal/timers:512:7)
[error] 
[error] Error: An unexpected error has occurred.
[debug] [2023-12-08T00:18:28.423Z] ----------------------------------------------------------------------
[debug] [2023-12-08T00:18:28.426Z] Command:       C:\Program Files\nodejs\node.exe C:\Users\Lenovo\AppData\Roaming\npm\node_modules\firebase-tools\lib\bin\firebase.js init
[debug] [2023-12-08T00:18:28.427Z] CLI Version:   13.0.1
[debug] [2023-12-08T00:18:28.427Z] Platform:      win32
[debug] [2023-12-08T00:18:28.427Z] Node Version:  v18.16.1
[debug] [2023-12-08T00:18:28.428Z] Time:          Fri Dec 08 2023 07:18:28 GMT+0700 (Indochina Time)
[debug] [2023-12-08T00:18:28.428Z] ----------------------------------------------------------------------
[debug] 
[debug] [2023-12-08T00:18:28.434Z] > command requires scopes: ["email","openid","https://www.googleapis.com/auth/cloudplatformprojects.readonly","https://www.googleapis.com/auth/firebase","https://www.googleapis.com/auth/cloud-platform"]
[debug] [2023-12-08T00:18:28.434Z] > authorizing via signed-in user (xuanphuc090207@gmail.com)
[info] 
     ######## #### ########  ######## ########     ###     ######  ########
     ##        ##  ##     ## ##       ##     ##  ##   ##  ##       ##
     ######    ##  ########  ######   ########  #########  ######  ######
     ##        ##  ##    ##  ##       ##     ## ##     ##       ## ##
     ##       #### ##     ## ######## ########  ##     ##  ######  ########

You're about to initialize a Firebase project in this directory:

  C:\AOV

Before we get started, keep in mind:

  * You are currently outside your home directory

[info] 
=== Project Setup
[info] 
[info] First, let's associate this project directory with a Firebase project.
[info] You can create multiple project aliases by running firebase use --add, 
[info] but for now we'll just set up a default project.
[info] 
[debug] [2023-12-08T00:19:34.598Z] > refreshing access token with scopes: []
[debug] [2023-12-08T00:19:34.599Z] >>> [apiv2][query] POST https://www.googleapis.com/oauth2/v3/token [none]
[debug] [2023-12-08T00:19:34.599Z] >>> [apiv2][body] POST https://www.googleapis.com/oauth2/v3/token [omitted]
[debug] [2023-12-08T00:19:37.061Z] <<< [apiv2][status] POST https://www.googleapis.com/oauth2/v3/token 200
[debug] [2023-12-08T00:19:37.061Z] <<< [apiv2][body] POST https://www.googleapis.com/oauth2/v3/token [omitted]
[debug] [2023-12-08T00:19:37.109Z] >>> [apiv2][query] GET https://firebase.googleapis.com/v1beta1/projects pageSize=100
[debug] [2023-12-08T00:19:45.897Z] <<< [apiv2][status] GET https://firebase.googleapis.com/v1beta1/projects 200
[debug] [2023-12-08T00:19:45.897Z] <<< [apiv2][body] GET https://firebase.googleapis.com/v1beta1/projects [omitted]
[info] i  Using project arena-of-valor-8c7ba (Arena-Of-Valor) 
[info] 
=== Database Setup
[info] i  database: ensuring required API firebasedatabase.googleapis.com is enabled... 
[debug] [2023-12-08T00:19:50.808Z] >>> [apiv2][query] GET https://serviceusage.googleapis.com/v1/projects/arena-of-valor-8c7ba/services/firebasedatabase.googleapis.com [none]
[debug] [2023-12-08T00:19:50.808Z] >>> [apiv2][(partial)header] GET https://serviceusage.googleapis.com/v1/projects/arena-of-valor-8c7ba/services/firebasedatabase.googleapis.com x-goog-quota-user=projects/arena-of-valor-8c7ba
[debug] [2023-12-08T00:19:52.994Z] <<< [apiv2][status] GET https://serviceusage.googleapis.com/v1/projects/arena-of-valor-8c7ba/services/firebasedatabase.googleapis.com 200
[debug] [2023-12-08T00:19:52.994Z] <<< [apiv2][body] GET https://serviceusage.googleapis.com/v1/projects/arena-of-valor-8c7ba/services/firebasedatabase.googleapis.com [omitted]
[warn] !  database: missing required API firebasedatabase.googleapis.com. Enabling now... 
[debug] [2023-12-08T00:19:52.995Z] >>> [apiv2][query] POST https://serviceusage.googleapis.com/v1/projects/arena-of-valor-8c7ba/services/firebasedatabase.googleapis.com:enable [none]
[debug] [2023-12-08T00:19:52.995Z] >>> [apiv2][(partial)header] POST https://serviceusage.googleapis.com/v1/projects/arena-of-valor-8c7ba/services/firebasedatabase.googleapis.com:enable x-goog-quota-user=projects/arena-of-valor-8c7ba
[debug] [2023-12-08T00:19:55.043Z] <<< [apiv2][status] POST https://serviceusage.googleapis.com/v1/projects/arena-of-valor-8c7ba/services/firebasedatabase.googleapis.com:enable 200
[debug] [2023-12-08T00:19:55.044Z] <<< [apiv2][body] POST https://serviceusage.googleapis.com/v1/projects/arena-of-valor-8c7ba/services/firebasedatabase.googleapis.com:enable [omitted]
[debug] [2023-12-08T00:20:05.047Z] >>> [apiv2][query] GET https://serviceusage.googleapis.com/v1/projects/arena-of-valor-8c7ba/services/firebasedatabase.googleapis.com [none]
[debug] [2023-12-08T00:20:05.048Z] >>> [apiv2][(partial)header] GET https://serviceusage.googleapis.com/v1/projects/arena-of-valor-8c7ba/services/firebasedatabase.googleapis.com x-goog-quota-user=projects/arena-of-valor-8c7ba
[debug] [2023-12-08T00:20:06.491Z] <<< [apiv2][status] GET https://serviceusage.googleapis.com/v1/projects/arena-of-valor-8c7ba/services/firebasedatabase.googleapis.com 200
[debug] [2023-12-08T00:20:06.491Z] <<< [apiv2][body] GET https://serviceusage.googleapis.com/v1/projects/arena-of-valor-8c7ba/services/firebasedatabase.googleapis.com [omitted]
[info] +  database: required API firebasedatabase.googleapis.com is enabled 
[info] 
[debug] [2023-12-08T00:20:06.495Z] >>> [apiv2][query] GET https://firebase.googleapis.com/v1beta1/projects/arena-of-valor-8c7ba [none]
[debug] [2023-12-08T00:20:07.330Z] <<< [apiv2][status] GET https://firebase.googleapis.com/v1beta1/projects/arena-of-valor-8c7ba 200
[debug] [2023-12-08T00:20:07.331Z] <<< [apiv2][body] GET https://firebase.googleapis.com/v1beta1/projects/arena-of-valor-8c7ba {"projectId":"arena-of-valor-8c7ba","projectNumber":"592158854220","displayName":"Arena-Of-Valor","name":"projects/arena-of-valor-8c7ba","resources":{"hostingSite":"arena-of-valor-8c7ba"},"state":"ACTIVE","etag":"1_0ea71fa1-3ae6-4210-9801-ec2a56821fed"}
[debug] [2023-12-08T00:20:17.704Z] >>> [apiv2][query] POST https://firebasedatabase.googleapis.com/v1beta/projects/arena-of-valor-8c7ba/locations/asia-southeast1/instances databaseId=arena-of-valor-8c7ba-default-rtdb&validateOnly=true
[debug] [2023-12-08T00:20:17.705Z] >>> [apiv2][body] POST https://firebasedatabase.googleapis.com/v1beta/projects/arena-of-valor-8c7ba/locations/asia-southeast1/instances {"type":"default_database"}
[debug] [2023-12-08T00:20:23.452Z] <<< [apiv2][status] POST https://firebasedatabase.googleapis.com/v1beta/projects/arena-of-valor-8c7ba/locations/asia-southeast1/instances 200
[debug] [2023-12-08T00:20:23.452Z] <<< [apiv2][body] POST https://firebasedatabase.googleapis.com/v1beta/projects/arena-of-valor-8c7ba/locations/asia-southeast1/instances {"name":"projects/592158854220/locations/asia-southeast1/instances/arena-of-valor-8c7ba-default-rtdb","project":"projects/592158854220","databaseUrl":"https://arena-of-valor-8c7ba-default-rtdb.asia-southeast1.firebasedatabase.app","type":"DEFAULT_DATABASE","state":"ACTIVE"}
[debug] [2023-12-08T00:20:23.454Z] >>> [apiv2][query] POST https://firebasedatabase.googleapis.com/v1beta/projects/arena-of-valor-8c7ba/locations/asia-southeast1/instances databaseId=arena-of-valor-8c7ba-default-rtdb
[debug] [2023-12-08T00:20:23.454Z] >>> [apiv2][body] POST https://firebasedatabase.googleapis.com/v1beta/projects/arena-of-valor-8c7ba/locations/asia-southeast1/instances {"type":"default_database"}
[debug] [2023-12-08T00:20:33.454Z] *** [apiv2] error from fetch(https://firebasedatabase.googleapis.com/v1beta/projects/arena-of-valor-8c7ba/locations/asia-southeast1/instances?databaseId=arena-of-valor-8c7ba-default-rtdb, {"headers":{},"method":"POST","signal":{},"body":"{\"type\":\"default_database\"}"}): AbortError: The user aborted a request.
[debug] [2023-12-08T00:20:33.455Z] Timeout reached making request to https://firebasedatabase.googleapis.com/v1beta/projects/arena-of-valor-8c7ba/locations/asia-southeast1/instances?databaseId=arena-of-valor-8c7ba-default-rtdb
[debug] [2023-12-08T00:20:38.469Z] Error: Timed out.
    at Timeout._onTimeout (C:\Users\Lenovo\AppData\Roaming\npm\node_modules\firebase-tools\lib\utils.js:258:49)
    at listOnTimeout (node:internal/timers:569:17)
    at process.processTimers (node:internal/timers:512:7)
[error] 
[error] Error: An unexpected error has occurred.
